# JRE version: Java(TM) SE Runtime Environment (8.0_201-b09) (build 1.8.0_201-b09)
# Java VM: Java HotSpot(TM) 64-Bit Server VM (25.201-b09 mixed mode windows-amd64 compressed oops)
Heap:
 PSYoungGen      total 492544K, used 449734K [0x000000076b500000, 0x0000000798400000, 0x00000007c0000000)
  eden space 369152K, 88% used [0x000000076b500000,0x000000077f3b2518,0x0000000781d80000)
  from space 123392K, 99% used [0x0000000781d80000,0x00000007895ff430,0x0000000789600000)
  to   space 151552K, 0% used [0x000000078f000000,0x000000078f000000,0x0000000798400000)
 ParOldGen       total 768512K, used 545348K [0x00000006c1e00000, 0x00000006f0c80000, 0x000000076b500000)
  object space 768512K, 70% used [0x00000006c1e00000,0x00000006e32911a8,0x00000006f0c80000)
 Metaspace       used 28592K, capacity 30450K, committed 30464K, reserved 1075200K
  class space    used 3755K, capacity 4084K, committed 4096K, reserved 1048576K
GC Heap History (10 events):
Event: 83.405 GC heap before
{Heap before GC invocations=19 (full 3):
 PSYoungGen      total 340480K, used 315314K [0x000000076b500000, 0x000000078c980000, 0x00000007c0000000)
  eden space 233984K, 99% used [0x000000076b500000,0x0000000779905d58,0x0000000779980000)
  from space 106496K, 76% used [0x0000000779980000,0x000000077e966de0,0x0000000780180000)
  to   space 113152K, 0% used [0x0000000785b00000,0x0000000785b00000,0x000000078c980000)
 ParOldGen       total 556544K, used 408301K [0x00000006c1e00000, 0x00000006e3d80000, 0x000000076b500000)
  object space 556544K, 73% used [0x00000006c1e00000,0x00000006dacbb7b0,0x00000006e3d80000)
 Metaspace       used 28324K, capacity 30182K, committed 30208K, reserved 1075200K
  class space    used 3755K, capacity 4084K, committed 4096K, reserved 1048576K
Event: 83.432 GC heap after
Heap after GC invocations=19 (full 3):
 PSYoungGen      total 420864K, used 98112K [0x000000076b500000, 0x000000078dd00000, 0x00000007c0000000)
  eden space 307712K, 0% used [0x000000076b500000,0x000000076b500000,0x000000077e180000)
  from space 113152K, 86% used [0x0000000785b00000,0x000000078bad01f0,0x000000078c980000)
  to   space 124416K, 0% used [0x000000077e180000,0x000000077e180000,0x0000000785b00000)
 ParOldGen       total 556544K, used 489645K [0x00000006c1e00000, 0x00000006e3d80000, 0x000000076b500000)
  object space 556544K, 87% used [0x00000006c1e00000,0x00000006dfc2b5a0,0x00000006e3d80000)
 Metaspace       used 28324K, capacity 30182K, committed 30208K, reserved 1075200K
  class space    used 3755K, capacity 4084K, committed 4096K, reserved 1048576K
}
Event: 83.432 GC heap before
{Heap before GC invocations=20 (full 4):
 PSYoungGen      total 420864K, used 98112K [0x000000076b500000, 0x000000078dd00000, 0x00000007c0000000)
  eden space 307712K, 0% used [0x000000076b500000,0x000000076b500000,0x000000077e180000)
  from space 113152K, 86% used [0x0000000785b00000,0x000000078bad01f0,0x000000078c980000)
  to   space 124416K, 0% used [0x000000077e180000,0x000000077e180000,0x0000000785b00000)
 ParOldGen       total 556544K, used 489645K [0x00000006c1e00000, 0x00000006e3d80000, 0x000000076b500000)
  object space 556544K, 87% used [0x00000006c1e00000,0x00000006dfc2b5a0,0x00000006e3d80000)
 Metaspace       used 28324K, capacity 30182K, committed 30208K, reserved 1075200K
  class space    used 3755K, capacity 4084K, committed 4096K, reserved 1048576K
Event: 83.484 GC heap after
Heap after GC invocations=20 (full 4):
 PSYoungGen      total 420864K, used 0K [0x000000076b500000, 0x000000078dd00000, 0x00000007c0000000)
  eden space 307712K, 0% used [0x000000076b500000,0x000000076b500000,0x000000077e180000)
  from space 113152K, 0% used [0x0000000785b00000,0x0000000785b00000,0x000000078c980000)
  to   space 124416K, 0% used [0x000000077e180000,0x000000077e180000,0x0000000785b00000)
 ParOldGen       total 768512K, used 487094K [0x00000006c1e00000, 0x00000006f0c80000, 0x000000076b500000)
  object space 768512K, 63% used [0x00000006c1e00000,0x00000006df9ad9f0,0x00000006f0c80000)
 Metaspace       used 28324K, capacity 30182K, committed 30208K, reserved 1075200K
  class space    used 3755K, capacity 4084K, committed 4096K, reserved 1048576K
}
Event: 170.992 GC heap before
{Heap before GC invocations=21 (full 4):
 PSYoungGen      total 420864K, used 307712K [0x000000076b500000, 0x000000078dd00000, 0x00000007c0000000)
  eden space 307712K, 100% used [0x000000076b500000,0x000000077e180000,0x000000077e180000)
  from space 113152K, 0% used [0x0000000785b00000,0x0000000785b00000,0x000000078c980000)
  to   space 124416K, 0% used [0x000000077e180000,0x000000077e180000,0x0000000785b00000)
 ParOldGen       total 768512K, used 487098K [0x00000006c1e00000, 0x00000006f0c80000, 0x000000076b500000)
  object space 768512K, 63% used [0x00000006c1e00000,0x00000006df9aea58,0x00000006f0c80000)
 Metaspace       used 28480K, capacity 30254K, committed 30464K, reserved 1075200K
  class space    used 3755K, capacity 4084K, committed 4096K, reserved 1048576K
Event: 170.996 GC heap after
Heap after GC invocations=21 (full 4):
 PSYoungGen      total 432128K, used 36667K [0x000000076b500000, 0x0000000791280000, 0x00000007c0000000)
  eden space 307712K, 0% used [0x000000076b500000,0x000000076b500000,0x000000077e180000)
  from space 124416K, 29% used [0x000000077e180000,0x000000078054ec20,0x0000000785b00000)
  to   space 120832K, 0% used [0x0000000789c80000,0x0000000789c80000,0x0000000791280000)
 ParOldGen       total 768512K, used 487106K [0x00000006c1e00000, 0x00000006f0c80000, 0x000000076b500000)
  object space 768512K, 63% used [0x00000006c1e00000,0x00000006df9b0a58,0x00000006f0c80000)
 Metaspace       used 28480K, capacity 30254K, committed 30464K, reserved 1075200K
  class space    used 3755K, capacity 4084K, committed 4096K, reserved 1048576K
}
Event: 305.117 GC heap before
{Heap before GC invocations=22 (full 4):
 PSYoungGen      total 432128K, used 344379K [0x000000076b500000, 0x0000000791280000, 0x00000007c0000000)
  eden space 307712K, 100% used [0x000000076b500000,0x000000077e180000,0x000000077e180000)
  from space 124416K, 29% used [0x000000077e180000,0x000000078054ec20,0x0000000785b00000)
  to   space 120832K, 0% used [0x0000000789c80000,0x0000000789c80000,0x0000000791280000)
 ParOldGen       total 768512K, used 487106K [0x00000006c1e00000, 0x00000006f0c80000, 0x000000076b500000)
  object space 768512K, 63% used [0x00000006c1e00000,0x00000006df9b0a58,0x00000006f0c80000)
 Metaspace       used 28480K, capacity 30254K, committed 30464K, reserved 1075200K
  class space    used 3755K, capacity 4084K, committed 4096K, reserved 1048576K
Event: 305.121 GC heap after
Heap after GC invocations=22 (full 4):
 PSYoungGen      total 485888K, used 192K [0x000000076b500000, 0x0000000790e80000, 0x00000007c0000000)
  eden space 369152K, 0% used [0x000000076b500000,0x000000076b500000,0x0000000781d80000)
  from space 116736K, 0% used [0x0000000789c80000,0x0000000789cb0000,0x0000000790e80000)
  to   space 123392K, 0% used [0x0000000781d80000,0x0000000781d80000,0x0000000789600000)
 ParOldGen       total 768512K, used 523569K [0x00000006c1e00000, 0x00000006f0c80000, 0x000000076b500000)
  object space 768512K, 68% used [0x00000006c1e00000,0x00000006e1d4c6a8,0x00000006f0c80000)
 Metaspace       used 28480K, capacity 30254K, committed 30464K, reserved 1075200K
  class space    used 3755K, capacity 4084K, committed 4096K, reserved 1048576K
}
Event: 338.463 GC heap before
{Heap before GC invocations=23 (full 4):
 PSYoungGen      total 485888K, used 369344K [0x000000076b500000, 0x0000000790e80000, 0x00000007c0000000)
  eden space 369152K, 100% used [0x000000076b500000,0x0000000781d80000,0x0000000781d80000)
  from space 116736K, 0% used [0x0000000789c80000,0x0000000789cb0000,0x0000000790e80000)
  to   space 123392K, 0% used [0x0000000781d80000,0x0000000781d80000,0x0000000789600000)
 ParOldGen       total 768512K, used 523569K [0x00000006c1e00000, 0x00000006f0c80000, 0x000000076b500000)
  object space 768512K, 68% used [0x00000006c1e00000,0x00000006e1d4c6a8,0x00000006f0c80000)
 Metaspace       used 28534K, capacity 30382K, committed 30464K, reserved 1075200K
  class space    used 3755K, capacity 4084K, committed 4096K, reserved 1048576K
Event: 338.478 GC heap after
Heap after GC invocations=23 (full 4):
 PSYoungGen      total 492544K, used 123389K [0x000000076b500000, 0x0000000798400000, 0x00000007c0000000)
  eden space 369152K, 0% used [0x000000076b500000,0x000000076b500000,0x0000000781d80000)
  from space 123392K, 99% used [0x0000000781d80000,0x00000007895ff430,0x0000000789600000)
  to   space 151552K, 0% used [0x000000078f000000,0x000000078f000000,0x0000000798400000)
 ParOldGen       total 768512K, used 545348K [0x00000006c1e00000, 0x00000006f0c80000, 0x000000076b500000)
  object space 768512K, 70% used [0x00000006c1e00000,0x00000006e32911a8,0x00000006f0c80000)
 Metaspace       used 28534K, capacity 30382K, committed 30464K, reserved 1075200K
  class space    used 3755K, capacity 4084K, committed 4096K, reserved 1048576K
}

